<?xml version="1.0" encoding="UTF-8"?>
<testsuite xmlns:xsi="http://www.w3.org/2001/XMLSchema-instance" xsi:noNamespaceSchemaLocation="https://maven.apache.org/surefire/maven-surefire-plugin/xsd/surefire-test-report.xsd" version="3.0.2" name="com.digital_menu.api.ApiApplicationTests" time="8.437" tests="1" errors="0" skipped="0" failures="0">
  <properties>
[...]
</properties>
  <testcase name="contextLoads" classname="com.digital_menu.api.ApiApplicationTests" time="0.475">
    <system-out><![CDATA[13:58:58.377 [main] INFO org.springframework.test.context.support.AnnotationConfigContextLoaderUtils -- Could not detect default configuration classes for test class [com.digital_menu.api.ApiApplicationTests]: ApiApplicationTests does not declare any static, non-private, non-final, nested classes annotated with @Configuration.
13:58:58.505 [main] INFO org.springframework.boot.test.context.SpringBootTestContextBootstrapper -- Found @SpringBootConfiguration com.digital_menu.api.ApiApplication for test class com.digital_menu.api.ApiApplicationTests
,--.,------.                ,--.                                         ,--.    ,---.  ,------. ,--.
|  ||  .--. ' ,---.  ,---.,-'  '-.,--,--.,--.,--.,--.--.,--,--.,--,--, ,-'  '-. /  O  \ |  .--. '|  |
|  ||  '--'.'| .-. :(  .-''-.  .-' ,-.  ||  ||  ||  .--' ,-.  ||      \'-.  .-'|  .-.  ||  '--' ||  |
|  ||  |\  \ \   --..-'  `) |  | \ '-'  |'  ''  '|  |  \ '-'  ||  ||  |  |  |  |  | |  ||  | --' |  |
`--'`--' '--' `----'`----'  `--'  `--`--' `----' `--'   `--`--'`--''--'  `--'  `--' `--'`--'     `--'


Powered by Spring Boot 3.4.5
2025-05-20T13:58:59.032+07:00  INFO 30336 --- [api] [           main] c.digital_menu.api.ApiApplicationTests   : Starting ApiApplicationTests using Java 24.0.1 with PID 30336 (started by hieng in D:\Me\Digital Menu Project\API\Dev Phase 1\api\api)
2025-05-20T13:58:59.040+07:00  INFO 30336 --- [api] [           main] c.digital_menu.api.ApiApplicationTests   : No active profile set, falling back to 1 default profile: "default"
2025-05-20T13:59:00.253+07:00  INFO 30336 --- [api] [           main] .s.d.r.c.RepositoryConfigurationDelegate : Bootstrapping Spring Data JPA repositories in DEFAULT mode.
2025-05-20T13:59:00.373+07:00  INFO 30336 --- [api] [           main] .s.d.r.c.RepositoryConfigurationDelegate : Finished Spring Data repository scanning in 110 ms. Found 5 JPA repository interfaces.
2025-05-20T13:59:01.121+07:00 DEBUG 30336 --- [api] [           main] com.zaxxer.hikari.HikariConfig           : Driver class org.postgresql.Driver found in Thread context class loader jdk.internal.loader.ClassLoaders$AppClassLoader@11a4022a
2025-05-20T13:59:01.315+07:00 DEBUG 30336 --- [api] [           main] o.s.jdbc.datasource.DataSourceUtils      : Fetching JDBC Connection from DataSource
2025-05-20T13:59:01.316+07:00 DEBUG 30336 --- [api] [           main] com.zaxxer.hikari.HikariConfig           : HikariPool-1 - configuration:
2025-05-20T13:59:01.318+07:00 DEBUG 30336 --- [api] [           main] com.zaxxer.hikari.HikariConfig           : allowPoolSuspension.............false
2025-05-20T13:59:01.318+07:00 DEBUG 30336 --- [api] [           main] com.zaxxer.hikari.HikariConfig           : autoCommit......................true
2025-05-20T13:59:01.318+07:00 DEBUG 30336 --- [api] [           main] com.zaxxer.hikari.HikariConfig           : catalog.........................none
2025-05-20T13:59:01.318+07:00 DEBUG 30336 --- [api] [           main] com.zaxxer.hikari.HikariConfig           : connectionInitSql...............none
2025-05-20T13:59:01.319+07:00 DEBUG 30336 --- [api] [           main] com.zaxxer.hikari.HikariConfig           : connectionTestQuery.............none
2025-05-20T13:59:01.320+07:00 DEBUG 30336 --- [api] [           main] com.zaxxer.hikari.HikariConfig           : connectionTimeout...............30000
2025-05-20T13:59:01.321+07:00 DEBUG 30336 --- [api] [           main] com.zaxxer.hikari.HikariConfig           : dataSource......................none
2025-05-20T13:59:01.321+07:00 DEBUG 30336 --- [api] [           main] com.zaxxer.hikari.HikariConfig           : dataSourceClassName.............none
2025-05-20T13:59:01.321+07:00 DEBUG 30336 --- [api] [           main] com.zaxxer.hikari.HikariConfig           : dataSourceJNDI..................none
2025-05-20T13:59:01.322+07:00 DEBUG 30336 --- [api] [           main] com.zaxxer.hikari.HikariConfig           : dataSourceProperties............{password=<masked>}
2025-05-20T13:59:01.323+07:00 DEBUG 30336 --- [api] [           main] com.zaxxer.hikari.HikariConfig           : driverClassName................."org.postgresql.Driver"
2025-05-20T13:59:01.323+07:00 DEBUG 30336 --- [api] [           main] com.zaxxer.hikari.HikariConfig           : exceptionOverrideClassName......none
2025-05-20T13:59:01.323+07:00 DEBUG 30336 --- [api] [           main] com.zaxxer.hikari.HikariConfig           : healthCheckProperties...........{}
2025-05-20T13:59:01.324+07:00 DEBUG 30336 --- [api] [           main] com.zaxxer.hikari.HikariConfig           : healthCheckRegistry.............none
2025-05-20T13:59:01.324+07:00 DEBUG 30336 --- [api] [           main] com.zaxxer.hikari.HikariConfig           : idleTimeout.....................30000
2025-05-20T13:59:01.324+07:00 DEBUG 30336 --- [api] [           main] com.zaxxer.hikari.HikariConfig           : initializationFailTimeout.......1
2025-05-20T13:59:01.324+07:00 DEBUG 30336 --- [api] [           main] com.zaxxer.hikari.HikariConfig           : isolateInternalQueries..........false
2025-05-20T13:59:01.324+07:00 DEBUG 30336 --- [api] [           main] com.zaxxer.hikari.HikariConfig           : jdbcUrl.........................jdbc:postgresql://5ga0c.h.filess.io:5433/TosTinh_hairleafmy
2025-05-20T13:59:01.324+07:00 DEBUG 30336 --- [api] [           main] com.zaxxer.hikari.HikariConfig           : keepaliveTime...................0
2025-05-20T13:59:01.324+07:00 DEBUG 30336 --- [api] [           main] com.zaxxer.hikari.HikariConfig           : leakDetectionThreshold..........0
2025-05-20T13:59:01.325+07:00 DEBUG 30336 --- [api] [           main] com.zaxxer.hikari.HikariConfig           : maxLifetime.....................600000
2025-05-20T13:59:01.325+07:00 DEBUG 30336 --- [api] [           main] com.zaxxer.hikari.HikariConfig           : maximumPoolSize.................6
2025-05-20T13:59:01.325+07:00 DEBUG 30336 --- [api] [           main] com.zaxxer.hikari.HikariConfig           : metricRegistry..................none
2025-05-20T13:59:01.325+07:00 DEBUG 30336 --- [api] [           main] com.zaxxer.hikari.HikariConfig           : metricsTrackerFactory...........none
2025-05-20T13:59:01.325+07:00 DEBUG 30336 --- [api] [           main] com.zaxxer.hikari.HikariConfig           : minimumIdle.....................3
2025-05-20T13:59:01.325+07:00 DEBUG 30336 --- [api] [           main] com.zaxxer.hikari.HikariConfig           : password........................<masked>
2025-05-20T13:59:01.326+07:00 DEBUG 30336 --- [api] [           main] com.zaxxer.hikari.HikariConfig           : poolName........................"HikariPool-1"
2025-05-20T13:59:01.327+07:00 DEBUG 30336 --- [api] [           main] com.zaxxer.hikari.HikariConfig           : readOnly........................false
2025-05-20T13:59:01.327+07:00 DEBUG 30336 --- [api] [           main] com.zaxxer.hikari.HikariConfig           : registerMbeans..................false
2025-05-20T13:59:01.328+07:00 DEBUG 30336 --- [api] [           main] com.zaxxer.hikari.HikariConfig           : scheduledExecutor...............none
2025-05-20T13:59:01.328+07:00 DEBUG 30336 --- [api] [           main] com.zaxxer.hikari.HikariConfig           : schema..........................none
2025-05-20T13:59:01.328+07:00 DEBUG 30336 --- [api] [           main] com.zaxxer.hikari.HikariConfig           : threadFactory...................internal
2025-05-20T13:59:01.329+07:00 DEBUG 30336 --- [api] [           main] com.zaxxer.hikari.HikariConfig           : transactionIsolation............default
2025-05-20T13:59:01.329+07:00 DEBUG 30336 --- [api] [           main] com.zaxxer.hikari.HikariConfig           : username........................"TosTinh_hairleafmy"
2025-05-20T13:59:01.329+07:00 DEBUG 30336 --- [api] [           main] com.zaxxer.hikari.HikariConfig           : validationTimeout...............5000
2025-05-20T13:59:01.329+07:00  INFO 30336 --- [api] [           main] com.zaxxer.hikari.HikariDataSource       : HikariPool-1 - Starting...
2025-05-20T13:59:02.412+07:00  INFO 30336 --- [api] [           main] com.zaxxer.hikari.pool.HikariPool        : HikariPool-1 - Added connection org.postgresql.jdbc.PgConnection@21516c88
2025-05-20T13:59:02.413+07:00  INFO 30336 --- [api] [           main] com.zaxxer.hikari.HikariDataSource       : HikariPool-1 - Start completed.
2025-05-20T13:59:02.454+07:00  INFO 30336 --- [api] [           main] o.hibernate.jpa.internal.util.LogHelper  : HHH000204: Processing PersistenceUnitInfo [name: default]
2025-05-20T13:59:02.515+07:00 DEBUG 30336 --- [api] [l-1 housekeeper] com.zaxxer.hikari.pool.HikariPool        : HikariPool-1 - Before cleanup stats (total=1, active=0, idle=1, waiting=0)
2025-05-20T13:59:02.518+07:00 DEBUG 30336 --- [api] [l-1 housekeeper] com.zaxxer.hikari.pool.HikariPool        : HikariPool-1 - After cleanup  stats (total=1, active=0, idle=1, waiting=0)
2025-05-20T13:59:02.534+07:00  INFO 30336 --- [api] [           main] org.hibernate.Version                    : HHH000412: Hibernate ORM core version 6.6.13.Final
2025-05-20T13:59:02.565+07:00  INFO 30336 --- [api] [           main] o.h.c.internal.RegionFactoryInitiator    : HHH000026: Second-level cache disabled
2025-05-20T13:59:02.802+07:00  INFO 30336 --- [api] [           main] o.s.o.j.p.SpringPersistenceUnitInfo      : No LoadTimeWeaver setup: ignoring JPA class transformer
2025-05-20T13:59:02.930+07:00  WARN 30336 --- [api] [           main] org.hibernate.orm.deprecation            : HHH90000025: PostgreSQLDialect does not need to be specified explicitly using 'hibernate.dialect' (remove the property setting and it will be selected by default)
2025-05-20T13:59:03.019+07:00 DEBUG 30336 --- [api] [onnection adder] com.zaxxer.hikari.pool.HikariPool        : HikariPool-1 - Added connection org.postgresql.jdbc.PgConnection@4ce5157
2025-05-20T13:59:03.051+07:00 DEBUG 30336 --- [api] [onnection adder] com.zaxxer.hikari.pool.HikariPool        : HikariPool-1 - After adding stats (total=2, active=1, idle=1, waiting=0)
2025-05-20T13:59:03.062+07:00  INFO 30336 --- [api] [           main] org.hibernate.orm.connections.pooling    : HHH10001005: Database info:
	Database JDBC URL [Connecting through datasource 'HikariDataSource (HikariPool-1)']
	Database driver: undefined/unknown
	Database version: 15.6
	Autocommit mode: undefined/unknown
	Isolation level: undefined/unknown
	Minimum pool size: undefined/unknown
	Maximum pool size: undefined/unknown
2025-05-20T13:59:03.531+07:00 DEBUG 30336 --- [api] [onnection adder] com.zaxxer.hikari.pool.HikariPool        : HikariPool-1 - Added connection org.postgresql.jdbc.PgConnection@e363a27
2025-05-20T13:59:03.562+07:00 DEBUG 30336 --- [api] [onnection adder] com.zaxxer.hikari.pool.HikariPool        : HikariPool-1 - After adding stats (total=3, active=0, idle=3, waiting=0)
2025-05-20T13:59:03.823+07:00  INFO 30336 --- [api] [           main] o.h.e.t.j.p.i.JtaPlatformInitiator       : HHH000489: No JTA platform available (set 'hibernate.transaction.jta.platform' to enable JTA platform integration)
2025-05-20T13:59:03.827+07:00  INFO 30336 --- [api] [           main] j.LocalContainerEntityManagerFactoryBean : Initialized JPA EntityManagerFactory for persistence unit 'default'
2025-05-20T13:59:04.224+07:00  INFO 30336 --- [api] [           main] o.s.d.j.r.query.QueryEnhancerFactory     : Hibernate is in classpath; If applicable, HQL parser will be used.
2025-05-20T13:59:04.463+07:00  INFO 30336 --- [api] [           main] eAuthenticationProviderManagerConfigurer : Global AuthenticationManager configured with AuthenticationProvider bean with name authenticationProvider
2025-05-20T13:59:04.463+07:00  WARN 30336 --- [api] [           main] r$InitializeUserDetailsManagerConfigurer : Global AuthenticationManager configured with an AuthenticationProvider bean. UserDetailsService beans will not be used by Spring Security for automatically configuring username/password login. Consider removing the AuthenticationProvider bean. Alternatively, consider using the UserDetailsService in a manually instantiated DaoAuthenticationProvider. If the current configuration is intentional, to turn off this warning, increase the logging level of 'org.springframework.security.config.annotation.authentication.configuration.InitializeUserDetailsBeanManagerConfigurer' to ERROR
2025-05-20T13:59:05.364+07:00  INFO 30336 --- [api] [           main] o.s.b.a.e.web.EndpointLinksResolver      : Exposing 1 endpoint beneath base path '/actuator'
2025-05-20T13:59:05.397+07:00  WARN 30336 --- [api] [           main] thorizationManagerRequestMatcherRegistry : One of the patterns in [v1/user/login, /actuator/**, v1/enc/encrypt, v1/enc/decrypt, v1/img/**, v1/recipe/view/**, v1/recipe/list/**, v1/password-reset/**] is missing a leading slash. This is discouraged; please include the leading slash in all your request matcher patterns. In future versions of Spring Security, leaving out the leading slash will result in an exception.
2025-05-20T13:59:06.099+07:00  INFO 30336 --- [api] [           main] c.digital_menu.api.ApiApplicationTests   : Started ApiApplicationTests in 7.467 seconds (process running for 8.618)
]]></system-out>
    <system-err><![CDATA[Mockito is currently self-attaching to enable the inline-mock-maker. This will no longer work in future releases of the JDK. Please add Mockito as an agent to your build what is described in Mockito's documentation: https://javadoc.io/doc/org.mockito/mockito-core/latest/org/mockito/Mockito.html#0.3
WARNING: A Java agent has been loaded dynamically (C:\Users\hieng\.m2\repository\net\bytebuddy\byte-buddy-agent\1.15.11\byte-buddy-agent-1.15.11.jar)
WARNING: If a serviceability tool is in use, please run with -XX:+EnableDynamicAgentLoading to hide this warning
WARNING: If a serviceability tool is not in use, please run with -Djdk.instrument.traceUsage for more information
WARNING: Dynamic loading of agents will be disallowed by default in a future release
]]></system-err>
  </testcase>
</testsuite>